Locating server…
Booting server...
Setting up server…
Listening for messages…
Searching for Tailwind CSS projects in the workspace's folders.
[Global] Creating projects: []
[Global] Preparing projects...
[Global] Initializing projects...
[Global] Initialized 0 projects
[Info  - 2:35:18 PM] [GLOBAL] No matching project for document {
  fsPath: '/home/evrenos/.config/hypr/keybindings.conf',
  normalPath: '/home/evrenos/.config/hypr/keybindings.conf'
}
[Info  - 2:35:26 PM] [GLOBAL] No matching project for document {
  fsPath: '/home/evrenos/.config/hypr/windowrules.conf',
  normalPath: '/home/evrenos/.config/hypr/windowrules.conf'
}
[Info  - 2:35:45 PM] [GLOBAL] No matching project for document {
  fsPath: '/home/evrenos/.config/hypr/keybindings.conf',
  normalPath: '/home/evrenos/.config/hypr/keybindings.conf'
}
