# =========================
#        Communication
# =========================
telegram-desktop
signal-desktop
legcord-bin

# =========================
#         Browsers
# =========================
brave-beta-bin

# =========================
#        Productivity
# =========================
vscodium-bin
vscodium-bin-marketplace
affine-bin

# =========================
#    Media & Entertainment
# =========================
spotify
# spotube-bin
qmplay2
nomacs

# =========================
#         Utilities
# =========================
aria2
proxychains-ng
github-cli
freedownloadmanager
# filen-desktop-git
# wezterm-git
upscayl-bin
rose-pine-cursor

# =========================
#          Fonts
# =========================
ttf-ms-win11-auto

# =========================
# Terminal Fun & Aesthetics
# =========================
cmatrix
neo-matrix-git
cbonsai-git
pipes.sh
asciiquarium
pipes.sh