[Info  - 2:41:44 PM] [language-server] Registering module | module: "auto-fix"
[Info  - 2:41:44 PM] [language-server] Module registered | module: "auto-fix"
[Info  - 2:41:44 PM] [language-server] Registering module | module: "code-action"
[Info  - 2:41:44 PM] [language-server] Module registered | module: "code-action"
[Info  - 2:41:44 PM] [language-server] Registering module | module: "completion"
[Info  - 2:41:44 PM] [language-server] Module registered | module: "completion"
[Info  - 2:41:44 PM] [language-server] Registering module | module: "formatter"
[Info  - 2:41:44 PM] [language-server] Module registered | module: "formatter"
[Info  - 2:41:44 PM] [language-server] Registering module | module: "old-stylelint-warning"
[Info  - 2:41:44 PM] [language-server] Module registered | module: "old-stylelint-warning"
[Info  - 2:41:44 PM] [language-server] Registering module | module: "validator"
[Info  - 2:41:44 PM] [language-server] Module registered | module: "validator"
[Info  - 2:41:44 PM] [language-server] Starting language server
[Info  - 2:41:44 PM] [language-server] Registering handlers
[Info  - 2:41:44 PM] [language-server] Handlers registered
[Info  - 2:41:44 PM] [language-server] Language server started
[Warn  - 2:41:45 PM] [language-server] Could not load Stylelint from node_modules | error: {"name":"Error","message":"Failed to resolve module: stylelint","stack":"Error: Failed to resolve module: stylelint\n    at ChildProcess.<anonymous> (/home/evrenos/.vscode/extensions/stylelint.vscode-stylelint-1.4.0/dist/start-server.js:35:80651)\n    at ChildProcess.emit (node:events:519:28)\n    at emit (node:internal/child_process:951:14)\n    at process.processTicksAndRejections (node:internal/process/task_queues:83:21)"}
[Warn  - 2:41:45 PM] [language-server] Failed to load Stylelint either globally or from the current workspace.
[Warn  - 2:41:45 PM] [language-server] Failed to resolve Stylelint | uri: "file:///home/evrenos/.config/kitty/theme.conf"
[Info  - 2:42:47 PM] [language-server] Stopping language server
