2024-09-27 14:25:06.349 [info] Extension host with pid 67198 started
2024-09-27 14:25:06.528 [info] ExtensionService#_doActivateExtension HTMLHint.vscode-htmlhint, startup: false, activationEvent: 'onFileSystem:file'
2024-09-27 14:25:06.541 [info] ExtensionService#_doActivateExtension vscode.emmet, startup: false, activationEvent: 'onLanguage'
2024-09-27 14:25:06.637 [info] ExtensionService#_doActivateExtension vscode.git-base, startup: true, activationEvent: '*', root cause: vscode.git
2024-09-27 14:25:06.639 [info] ExtensionService#_doActivateExtension be5invis.vscode-custom-css, startup: true, activationEvent: '*'
2024-09-27 14:25:06.649 [info] ExtensionService#_doActivateExtension christian-kohler.path-intellisense, startup: true, activationEvent: '*'
2024-09-27 14:25:06.655 [info] ExtensionService#_doActivateExtension formulahendry.auto-close-tag, startup: true, activationEvent: '*'
2024-09-27 14:25:06.656 [info] ExtensionService#_doActivateExtension formulahendry.auto-rename-tag, startup: true, activationEvent: '*'
2024-09-27 14:25:06.684 [warning] [formulahendry.auto-rename-tag] Accessing a resource scoped configuration without providing a resource is not expected. To get the effective value for 'auto-rename-tag.activationOnLanguage', provide the URI of a resource or 'null' for any resource.
2024-09-27 14:25:06.709 [info] ExtensionService#_doActivateExtension vscode.git, startup: true, activationEvent: '*'
2024-09-27 14:25:06.757 [info] ExtensionService#_doActivateExtension vscode.github, startup: true, activationEvent: '*'
2024-09-27 14:25:06.790 [warning] [vscode.git] Accessing a resource scoped configuration without providing a resource is not expected. To get the effective value for 'git.openRepositoryInParentFolders', provide the URI of a resource or 'null' for any resource.
2024-09-27 14:25:06.790 [warning] [vscode.git] Accessing a resource scoped configuration without providing a resource is not expected. To get the effective value for 'git.showProgress', provide the URI of a resource or 'null' for any resource.
2024-09-27 14:25:06.809 [info] Eager extensions activated
2024-09-27 14:25:06.827 [info] ExtensionService#_doActivateExtension vscode.debug-auto-launch, startup: false, activationEvent: 'onStartupFinished'
2024-09-27 14:25:06.828 [info] ExtensionService#_doActivateExtension vscode.merge-conflict, startup: false, activationEvent: 'onStartupFinished'
2024-09-27 14:25:06.840 [info] ExtensionService#_doActivateExtension aaron-bond.better-comments, startup: false, activationEvent: 'onStartupFinished'
2024-09-27 14:25:06.842 [info] ExtensionService#_doActivateExtension bradlc.vscode-tailwindcss, startup: false, activationEvent: 'onStartupFinished'
2024-09-27 14:25:06.869 [info] ExtensionService#_doActivateExtension dbaeumer.vscode-eslint, startup: false, activationEvent: 'onStartupFinished'
2024-09-27 14:25:06.889 [info] ExtensionService#_doActivateExtension dsznajder.es7-react-js-snippets, startup: false, activationEvent: 'onStartupFinished'
2024-09-27 14:25:07.145 [info] ExtensionService#_doActivateExtension esbenp.prettier-vscode, startup: false, activationEvent: 'onStartupFinished'
2024-09-27 14:25:07.190 [info] ExtensionService#_doActivateExtension formulahendry.code-runner, startup: false, activationEvent: 'onStartupFinished'
2024-09-27 14:25:07.199 [info] ExtensionService#_doActivateExtension moalamri.inline-fold, startup: false, activationEvent: 'onStartupFinished'
2024-09-27 14:25:07.200 [info] ExtensionService#_doActivateExtension ritwickdey.LiveServer, startup: false, activationEvent: 'onStartupFinished'
2024-09-27 14:25:07.203 [info] ExtensionService#_doActivateExtension streetsidesoftware.code-spell-checker, startup: false, activationEvent: 'onStartupFinished'
2024-09-27 14:25:07.259 [info] ExtensionService#_doActivateExtension stylelint.vscode-stylelint, startup: false, activationEvent: 'onStartupFinished'
2024-09-27 14:25:07.326 [warning] [formulahendry.code-runner] Accessing a resource scoped configuration without providing a resource is not expected. To get the effective value for 'code-runner.enableAppInsights', provide the URI of a resource or 'null' for any resource.
2024-09-27 14:25:07.357 [info] ExtensionService#_doActivateExtension vscode.github-authentication, startup: false, activationEvent: 'onAuthenticationRequest:github'
2024-09-27 14:25:07.478 [warning] [stylelint.vscode-stylelint] Accessing a resource scoped configuration without providing a resource is not expected. To get the effective value for 'stylelint.enable', provide the URI of a resource or 'null' for any resource.
2024-09-27 14:25:08.059 [warning] [dbaeumer.vscode-eslint] Accessing a resource scoped configuration without providing a resource is not expected. To get the effective value for 'eslint.nodeEnv', provide the URI of a resource or 'null' for any resource.
2024-09-27 14:25:08.075 [info] ExtensionService#_doActivateExtension vscode.configuration-editing, startup: false, activationEvent: 'onLanguage:jsonc'
2024-09-27 14:25:08.086 [info] ExtensionService#_doActivateExtension vscode.json-language-features, startup: false, activationEvent: 'onLanguage:jsonc'
2024-09-27 14:25:08.118 [info] ExtensionService#_doActivateExtension vscode.typescript-language-features, startup: false, activationEvent: 'onLanguage:jsonc'
2024-09-27 14:25:08.591 [warning] [stylelint.vscode-stylelint] Accessing a resource scoped configuration without providing a resource is not expected. To get the effective value for 'stylelint.enable', provide the URI of a resource or 'null' for any resource.
2024-09-27 14:29:18.073 [info] Extension host terminating: renderer closed the MessagePort
2024-09-27 14:29:18.079 [error] An error occurred when deactivating the extension 'moalamri.inline-fold':
2024-09-27 14:29:18.082 [error] TypeError: Cannot read properties of undefined (reading 'subscriptions')
    at Object.deactivate (/home/evrenos/.vscode/extensions/moalamri.inline-fold-0.2.6/src/extension.ts:76:11)
    at m.eb (/opt/visual-studio-code/resources/app/out/vs/workbench/api/node/extensionHostProcess.js:167:10082)
    at /opt/visual-studio-code/resources/app/out/vs/workbench/api/node/extensionHostProcess.js:167:8153
    at Array.map (<anonymous>)
    at m.$ (/opt/visual-studio-code/resources/app/out/vs/workbench/api/node/extensionHostProcess.js:167:8140)
    at m.terminate (/opt/visual-studio-code/resources/app/out/vs/workbench/api/node/extensionHostProcess.js:167:8413)
    at $.terminate (/opt/visual-studio-code/resources/app/out/vs/workbench/api/node/extensionHostProcess.js:171:1513)
    at n (/opt/visual-studio-code/resources/app/out/vs/workbench/api/node/extensionHostProcess.js:184:10613)
    at MessagePortMain.<anonymous> (/opt/visual-studio-code/resources/app/out/vs/workbench/api/node/extensionHostProcess.js:184:6805)
    at MessagePortMain.emit (node:events:519:28)
    at Object.MessagePortMain._internalPort.emit (node:electron/js2c/utility_init:2:2619)
2024-09-27 14:29:18.088 [info] Extension host with pid 67198 exiting with code 0
